07-02-2024 00:35:14 [INFO] Program has started at: 2024-02-07 00:35:14.147545
07-02-2024 00:35:14 [INFO] Successfully parsed JSON from file: 'my_config.json'
07-02-2024 00:35:19 [INFO] Navigated to URL: 'https://courses.ultimateqa.com/collections'
07-02-2024 00:35:22 [INFO] Clicked on element ('xpath', "//ul//li//a[contains(text(), 'Sign')]").
07-02-2024 00:35:22 [INFO] Navigating to Sign-In page.
07-02-2024 00:35:24 [INFO] Clicked on element ('xpath', "//aside//a[contains(text(), 'Create a new account')]").
07-02-2024 00:35:24 [INFO] Navigating to the register page.
07-02-2024 00:35:24 [INFO] Sent keys 'Jerry' to element ('xpath', "//div//input[@id='user[first_name]']").
07-02-2024 00:35:24 [INFO] Sent keys 'Lopez' to element ('xpath', "//div//input[@id='user[last_name]']").
07-02-2024 00:35:24 [INFO] Sent keys 'aberry@example.org' to element ('xpath', "//div//input[@id='user[email]']").
07-02-2024 00:35:24 [INFO] Sent keys 'V^7&pPkv' to element ('xpath', "//div//input[@id='user[password]']").
07-02-2024 00:35:24 [INFO] Clicked on element ('xpath', "//div//input[@id='user[terms]']").
07-02-2024 00:35:24 [INFO] Clicked on element ('xpath', "//div//button[contains(text(),'Sign up')]").
07-02-2024 00:35:24 [INFO] Successfully parsed JSON from file: 'my_config.json'
07-02-2024 00:35:24 [INFO] Successfully dumped data to JSON file: 'my_config.json'
07-02-2024 00:35:24 [INFO] Registration successful for email: aberry@example.org
07-02-2024 00:35:34 [INFO] Program has ended at: 2024-02-07 00:35:34.690025
07-02-2024 00:35:52 [INFO] Program has started at: 2024-02-07 00:35:52.819669
07-02-2024 00:35:52 [INFO] Successfully parsed JSON from file: 'my_config.json'
07-02-2024 00:35:58 [INFO] Navigated to URL: 'https://courses.ultimateqa.com/collections'
07-02-2024 00:36:00 [INFO] Clicked on element ('xpath', "//ul//li//a[contains(text(), 'Sign')]").
07-02-2024 00:36:00 [INFO] Navigating to Sign-In page.
07-02-2024 00:36:01 [INFO] Clicked on element ('xpath', "//aside//a[contains(text(), 'Create a new account')]").
07-02-2024 00:36:01 [INFO] Navigating to the register page.
07-02-2024 00:36:02 [INFO] Sent keys 'Morgan' to element ('xpath', "//div//input[@id='user[first_name]']").
07-02-2024 00:36:02 [INFO] Sent keys 'Baldwin' to element ('xpath', "//div//input[@id='user[last_name]']").
07-02-2024 00:36:02 [INFO] Sent keys 'sarah51@example.org' to element ('xpath', "//div//input[@id='user[email]']").
07-02-2024 00:36:02 [INFO] Sent keys 'H)8uGUkF' to element ('xpath', "//div//input[@id='user[password]']").
07-02-2024 00:36:02 [INFO] Clicked on element ('xpath', "//div//input[@id='user[terms]']").
07-02-2024 00:36:02 [INFO] Clicked on element ('xpath', "//div//button[contains(text(),'Sign up')]").
07-02-2024 00:36:02 [INFO] Successfully parsed JSON from file: 'my_config.json'
07-02-2024 00:36:02 [INFO] Successfully dumped data to JSON file: 'my_config.json'
07-02-2024 00:36:02 [INFO] Registration successful for email: sarah51@example.org
07-02-2024 00:36:12 [INFO] Program has ended at: 2024-02-07 00:36:12.278306
